c:\users\shiv\source\repos\can_analyzer_2\can_analyzer_2\debug\vc142.pdb
c:\users\shiv\source\repos\can_analyzer_2\can_analyzer_2\debug\vc142.idb
c:\users\shiv\source\repos\can_analyzer_2\can_analyzer_2\debug\can_analyzer_2.obj
c:\users\shiv\source\repos\can_analyzer_2\can_analyzer_2\debug\filereader.obj
c:\users\shiv\source\repos\can_analyzer_2\can_analyzer_2\debug\exitcommand.obj
c:\users\shiv\source\repos\can_analyzer_2\can_analyzer_2\debug\sortcommand.obj
c:\users\shiv\source\repos\can_analyzer_2\can_analyzer_2\debug\filecommand.obj
c:\users\shiv\source\repos\can_analyzer_2\can_analyzer_2\debug\dircommand.obj
c:\users\shiv\source\repos\can_analyzer_2\can_analyzer_2\debug\commandprocessor.obj
c:\users\shiv\source\repos\can_analyzer_2\can_analyzer_2\debug\vincommand.obj
c:\users\shiv\source\repos\can_analyzer_2\can_analyzer_2\debug\cma_state.obj
c:\users\shiv\source\repos\can_analyzer_2\can_analyzer_2\debug\userinputhandler.obj
c:\users\shiv\source\repos\can_analyzer_2\can_analyzer_2\debug\errorcommand.obj
c:\users\shiv\source\repos\can_analyzer_2\can_analyzer_2\debug\cma_utils.obj
c:\users\shiv\source\repos\can_analyzer_2\debug\can_analyzer_2.exe
c:\users\shiv\source\repos\can_analyzer_2\can_analyzer_2\debug\can_analyzer_2.ilk
c:\users\shiv\source\repos\can_analyzer_2\debug\can_analyzer_2.pdb
c:\users\shiv\source\repos\can_analyzer_2\can_analyzer_2\debug\can_analyzer_2.tlog\cl.command.1.tlog
c:\users\shiv\source\repos\can_analyzer_2\can_analyzer_2\debug\can_analyzer_2.tlog\cl.read.1.tlog
c:\users\shiv\source\repos\can_analyzer_2\can_analyzer_2\debug\can_analyzer_2.tlog\cl.write.1.tlog
c:\users\shiv\source\repos\can_analyzer_2\can_analyzer_2\debug\can_analyzer_2.tlog\link.command.1.tlog
c:\users\shiv\source\repos\can_analyzer_2\can_analyzer_2\debug\can_analyzer_2.tlog\link.read.1.tlog
c:\users\shiv\source\repos\can_analyzer_2\can_analyzer_2\debug\can_analyzer_2.tlog\link.write.1.tlog
